[debug] [2023-02-19T11:18:59.190Z] ----------------------------------------------------------------------
[debug] [2023-02-19T11:18:59.192Z] Command:       C:\Program Files\nodejs\node.exe C:\Users\m.m.s\AppData\Roaming\npm\node_modules\firebase-tools\lib\bin\firebase.js deploy
[debug] [2023-02-19T11:18:59.193Z] CLI Version:   11.23.1
[debug] [2023-02-19T11:18:59.193Z] Platform:      win32
[debug] [2023-02-19T11:18:59.193Z] Node Version:  v16.17.1
[debug] [2023-02-19T11:18:59.194Z] Time:          Sun Feb 19 2023 19:18:59 GMT+0800 (توقيت الصين الرسمي)
[debug] [2023-02-19T11:18:59.194Z] ----------------------------------------------------------------------
[debug] 
[debug] [2023-02-19T11:18:59.254Z] > command requires scopes: ["email","openid","https://www.googleapis.com/auth/cloudplatformprojects.readonly","https://www.googleapis.com/auth/firebase","https://www.googleapis.com/auth/cloud-platform"]
[debug] [2023-02-19T11:18:59.254Z] > authorizing via signed-in user (yousefel560@gmail.com)
[debug] [2023-02-19T11:18:59.255Z] [iam] checking project restaurant-landing-page-1783a for permissions ["firebase.projects.get","firebasehosting.sites.update"]
[debug] [2023-02-19T11:18:59.257Z] >>> [apiv2][query] POST https://cloudresourcemanager.googleapis.com/v1/projects/restaurant-landing-page-1783a:testIamPermissions [none]
[debug] [2023-02-19T11:18:59.257Z] >>> [apiv2][(partial)header] POST https://cloudresourcemanager.googleapis.com/v1/projects/restaurant-landing-page-1783a:testIamPermissions x-goog-quota-user=projects/restaurant-landing-page-1783a
[debug] [2023-02-19T11:18:59.257Z] >>> [apiv2][body] POST https://cloudresourcemanager.googleapis.com/v1/projects/restaurant-landing-page-1783a:testIamPermissions {"permissions":["firebase.projects.get","firebasehosting.sites.update"]}
[debug] [2023-02-19T11:19:00.336Z] <<< [apiv2][status] POST https://cloudresourcemanager.googleapis.com/v1/projects/restaurant-landing-page-1783a:testIamPermissions 200
[debug] [2023-02-19T11:19:00.337Z] <<< [apiv2][body] POST https://cloudresourcemanager.googleapis.com/v1/projects/restaurant-landing-page-1783a:testIamPermissions {"permissions":["firebase.projects.get","firebasehosting.sites.update"]}
[debug] [2023-02-19T11:19:00.338Z] >>> [apiv2][query] GET https://firebase.googleapis.com/v1beta1/projects/restaurant-landing-page-1783a [none]
[debug] [2023-02-19T11:19:00.865Z] <<< [apiv2][status] GET https://firebase.googleapis.com/v1beta1/projects/restaurant-landing-page-1783a 200
[debug] [2023-02-19T11:19:00.865Z] <<< [apiv2][body] GET https://firebase.googleapis.com/v1beta1/projects/restaurant-landing-page-1783a {"projectId":"restaurant-landing-page-1783a","projectNumber":"175479102804","displayName":"restaurant-landing-page","name":"projects/restaurant-landing-page-1783a","resources":{"hostingSite":"restaurant-landing-page-1783a"},"state":"ACTIVE","etag":"1_382b1e64-b11f-4e7f-9474-9889bd3e6ab4"}
[info] 
[info] === Deploying to 'restaurant-landing-page-1783a'...
[info] 
[info] i  deploying hosting 
[debug] [2023-02-19T11:19:00.870Z] >>> [apiv2][query] POST https://firebasehosting.googleapis.com/v1beta1/projects/-/sites/restaurant-landing-page-1783a/versions [none]
[debug] [2023-02-19T11:19:00.870Z] >>> [apiv2][body] POST https://firebasehosting.googleapis.com/v1beta1/projects/-/sites/restaurant-landing-page-1783a/versions {"status":"CREATED","labels":{"deployment-tool":"cli-firebase"}}
[debug] [2023-02-19T11:19:02.244Z] <<< [apiv2][status] POST https://firebasehosting.googleapis.com/v1beta1/projects/-/sites/restaurant-landing-page-1783a/versions 200
[debug] [2023-02-19T11:19:02.245Z] <<< [apiv2][body] POST https://firebasehosting.googleapis.com/v1beta1/projects/-/sites/restaurant-landing-page-1783a/versions {"name":"projects/175479102804/sites/restaurant-landing-page-1783a/versions/98b82783d993a343","status":"CREATED","config":{},"labels":{"deployment-tool":"cli-firebase"}}
[info] i  hosting[restaurant-landing-page-1783a]: beginning deploy... 
[info] i  hosting[restaurant-landing-page-1783a]: found 33 files in build 
[debug] [2023-02-19T11:19:02.257Z] [hosting] uploading with 200 concurrency
[debug] [2023-02-19T11:19:02.979Z] [hosting] hash cache [YnVpbGQ] stored for 33 files
[debug] [2023-02-19T11:19:02.979Z] [hosting][hash queue][FINAL] {"max":716,"min":4,"avg":98.78787878787878,"active":0,"complete":33,"success":33,"errored":0,"retried":0,"total":33,"elapsed":720}
[debug] [2023-02-19T11:19:02.979Z] >>> [apiv2][query] POST https://firebasehosting.googleapis.com/v1beta1/projects/175479102804/sites/restaurant-landing-page-1783a/versions/98b82783d993a343:populateFiles [none]
[debug] [2023-02-19T11:19:02.980Z] >>> [apiv2][body] POST https://firebasehosting.googleapis.com/v1beta1/projects/175479102804/sites/restaurant-landing-page-1783a/versions/98b82783d993a343:populateFiles {"files":{"/favicon.ico":"eae62e993eb980ec8a25058c39d5a51feab118bd2100c4deebb2a9c158ec11f9","/logo192.png":"3ee59515172ee198f3be375979df15ac5345183e656720a381b8872b2a39dc8b","/logo512.png":"ee7e2f3fdb8209c4b6fd7bef6ba50d1b9dba30a25bb5c3126df057e1cb6f5331","/manifest.json":"aff3449bdc238776f5d6d967f19ec491b36aed5fb7f23ccff6500736fd58494a","/robots.txt":"bfe106a3fb878dc83461c86818bf74fc1bdc7f28538ba613cd3e775516ce8b49","/asset-manifest.json":"0c4c4fea40214dc49fc87465fb977704be9fb2afc4dba370a0939d14efdce448","/index.html":"205495dd3295ace2f245045739b23d49e04415e07e4d8bb1a5ad82bf9e38676f","/static/css/main.38a64942.css":"990fbae50b48a881a0592e3c70c5ae4a35e17fce54ed8e617ab8ac5e37e1e8fb","/static/js/main.f8656e6b.js.LICENSE.txt":"a1e10079e8155bc5525d13d0464e64acbd892cb93e51621cce5f31f1c4cc8fe3","/static/media/award01.361a4bc44b59b55abeda.png":"d09ebfd942042e2d5d9ba081914f55965696dffacd582958d5887726ca097881","/static/media/award02.8bbdd51499739653b003.png":"d3104c0087f94232bccbd4aeae6708af08abb268bf1aae171e4a7319b03069d6","/static/media/award03.3f7ee934c17dccbd5fc6.png":"2529715ab5c3ed5423492015621de2087ae134594f94df6c442e6129e5a4cc26","/static/css/main.38a64942.css.map":"7e4228a65c840f3b92cef23bd1a575177d144b4233eb08d97700193e487487de","/static/media/award05.48a7f5206184009dcb29.png":"270e6323f8836d137ade35a2f4cb9cf595f05dddfa9b9f2c8db12e4998d2bd0e","/static/media/logo.0286194c03de0a90dac9.png":"fbc09048839780d9cbca6699c5d12487398c02aba5d35225abc9818901b59422","/static/media/sign.9bf0bd90ad4caa17991f.png":"053f0ea56a90f4a0e095b6e2d5973a203521d560fc756242210fdc4cf479edc0","/static/media/spoon.d079f43fbcf509908d3865293080795a.svg":"07aa2aca698380fbcd271b717b4d4b35783de4d3a9d049cb65981c43fc555a55","/static/media/G.b571eb82e589ec305ec9.png":"299bfc75f41b40f224e211d218ae05ecc3479ed33c17b5d91560cbd2b292e0ba","/static/js/main.f8656e6b.js":"cbaa2b0d1c139d73e7ddc93f7d10423accf779abd5ef53c0045beca3281593fe","/static/media/overlaybg.165362eea72d1614ae28.png":"57fa0f391e3f6be210bfbf7e95d3a1df52d2a2b55cb3971729dd8ca50103ac74","/static/media/knife.1121c0a5afb62acb31cb.png":"b2bf548d86a36756dcfbb6e4860f192340af719155dd19044b932d778edd79a3","/static/media/gallery01.f2cbffe3049d6f91e0df.png":"980e4236a378ffef8ff1091e45e54f56f2eda868858d06ca552f03c8fd423530","/static/media/gallery02.27663bd9016b72ccd328.png":"763145765fd1e25242e0a5ea96f33b8bd2191b33453f8290be3612fb47f770ec","/static/media/gallery03.b2d50180e8590d4dd330.png":"755ad437aa067533d6eb419cbcec2e8208a604ed5d2905fe825cb390ffdca39b","/static/media/gallery04.c36a695f8a3b9d311106.png":"8d3b753699c8dc68133b10ebb4a867a1f36d8d3e4f28397d3bc9f2b60944dcfb","/static/media/menu.a8287c67809afebcc280.png":"9b37fbb55a36f088a0f3b4ce12f7835d2168f654bcd271a5baebebc08eec8388","/static/media/chef.02d6c5b61bfdc70303b4.png":"b8f5beabdc32add0d4b0e0530154f9ad2ee6dd3bf019d0459e1d5c234db9f050","/static/media/findus.585c393ccd3671513743.png":"424be353c39a13241ed1b7d42289708fe08846e6b5f45566754ba055e425db31","/static/media/laurels.e760828692795d4aafd7.png":"9fa7e0332b61255a3bade2a00a2f024cb7b2798065b47328b93a8a1691cc6d58","/static/media/welcome.d724eb984456d9c97470.png":"02e6fe3f8685f27a500bb1c2af9db398d7428d730ad70e303c9c99191b403374","/static/media/bg.3d421b1b5682e1b67deb.png":"55a28b9fcf68c09f476440b8bfac41fcd553f3bc27198db2974021c42c493d5f","/static/media/meal.a1b6c6dc67dfa2f99343.mp4":"7d3966f3d1161acfafbc8aaed3500f187d364191a6d06a83675e966449a3f88c","/static/js/main.f8656e6b.js.map":"973d890bdf481d258db55c9c2a9a8b577cacc0929ddb9b0951cf89f83653bb2b"}}
[debug] [2023-02-19T11:19:04.303Z] <<< [apiv2][status] POST https://firebasehosting.googleapis.com/v1beta1/projects/175479102804/sites/restaurant-landing-page-1783a/versions/98b82783d993a343:populateFiles 200
[debug] [2023-02-19T11:19:04.303Z] <<< [apiv2][body] POST https://firebasehosting.googleapis.com/v1beta1/projects/175479102804/sites/restaurant-landing-page-1783a/versions/98b82783d993a343:populateFiles {"uploadRequiredHashes":["02e6fe3f8685f27a500bb1c2af9db398d7428d730ad70e303c9c99191b403374","9b37fbb55a36f088a0f3b4ce12f7835d2168f654bcd271a5baebebc08eec8388","763145765fd1e25242e0a5ea96f33b8bd2191b33453f8290be3612fb47f770ec","980e4236a378ffef8ff1091e45e54f56f2eda868858d06ca552f03c8fd423530","55a28b9fcf68c09f476440b8bfac41fcd553f3bc27198db2974021c42c493d5f","b8f5beabdc32add0d4b0e0530154f9ad2ee6dd3bf019d0459e1d5c234db9f050","7d3966f3d1161acfafbc8aaed3500f187d364191a6d06a83675e966449a3f88c","424be353c39a13241ed1b7d42289708fe08846e6b5f45566754ba055e425db31","8d3b753699c8dc68133b10ebb4a867a1f36d8d3e4f28397d3bc9f2b60944dcfb","9fa7e0332b61255a3bade2a00a2f024cb7b2798065b47328b93a8a1691cc6d58","973d890bdf481d258db55c9c2a9a8b577cacc0929ddb9b0951cf89f83653bb2b","755ad437aa067533d6eb419cbcec2e8208a604ed5d2905fe825cb390ffdca39b"],"uploadUrl":"https://upload-firebasehosting.googleapis.com/upload/sites/restaurant-landing-page-1783a/versions/98b82783d993a343/files"}
[debug] [2023-02-19T11:19:04.305Z] >>> [apiv2][query] POST https://upload-firebasehosting.googleapis.com/upload/sites/restaurant-landing-page-1783a/versions/98b82783d993a343/files/02e6fe3f8685f27a500bb1c2af9db398d7428d730ad70e303c9c99191b403374 [none]
[debug] [2023-02-19T11:19:04.305Z] >>> [apiv2][body] POST https://upload-firebasehosting.googleapis.com/upload/sites/restaurant-landing-page-1783a/versions/98b82783d993a343/files/02e6fe3f8685f27a500bb1c2af9db398d7428d730ad70e303c9c99191b403374 [stream]
[debug] [2023-02-19T11:19:04.305Z] >>> [apiv2][query] POST https://upload-firebasehosting.googleapis.com/upload/sites/restaurant-landing-page-1783a/versions/98b82783d993a343/files/9b37fbb55a36f088a0f3b4ce12f7835d2168f654bcd271a5baebebc08eec8388 [none]
[debug] [2023-02-19T11:19:04.305Z] >>> [apiv2][body] POST https://upload-firebasehosting.googleapis.com/upload/sites/restaurant-landing-page-1783a/versions/98b82783d993a343/files/9b37fbb55a36f088a0f3b4ce12f7835d2168f654bcd271a5baebebc08eec8388 [stream]
[debug] [2023-02-19T11:19:04.306Z] >>> [apiv2][query] POST https://upload-firebasehosting.googleapis.com/upload/sites/restaurant-landing-page-1783a/versions/98b82783d993a343/files/763145765fd1e25242e0a5ea96f33b8bd2191b33453f8290be3612fb47f770ec [none]
[debug] [2023-02-19T11:19:04.306Z] >>> [apiv2][body] POST https://upload-firebasehosting.googleapis.com/upload/sites/restaurant-landing-page-1783a/versions/98b82783d993a343/files/763145765fd1e25242e0a5ea96f33b8bd2191b33453f8290be3612fb47f770ec [stream]
[debug] [2023-02-19T11:19:04.307Z] >>> [apiv2][query] POST https://upload-firebasehosting.googleapis.com/upload/sites/restaurant-landing-page-1783a/versions/98b82783d993a343/files/980e4236a378ffef8ff1091e45e54f56f2eda868858d06ca552f03c8fd423530 [none]
[debug] [2023-02-19T11:19:04.307Z] >>> [apiv2][body] POST https://upload-firebasehosting.googleapis.com/upload/sites/restaurant-landing-page-1783a/versions/98b82783d993a343/files/980e4236a378ffef8ff1091e45e54f56f2eda868858d06ca552f03c8fd423530 [stream]
[debug] [2023-02-19T11:19:04.307Z] >>> [apiv2][query] POST https://upload-firebasehosting.googleapis.com/upload/sites/restaurant-landing-page-1783a/versions/98b82783d993a343/files/55a28b9fcf68c09f476440b8bfac41fcd553f3bc27198db2974021c42c493d5f [none]
[debug] [2023-02-19T11:19:04.307Z] >>> [apiv2][body] POST https://upload-firebasehosting.googleapis.com/upload/sites/restaurant-landing-page-1783a/versions/98b82783d993a343/files/55a28b9fcf68c09f476440b8bfac41fcd553f3bc27198db2974021c42c493d5f [stream]
[debug] [2023-02-19T11:19:04.308Z] >>> [apiv2][query] POST https://upload-firebasehosting.googleapis.com/upload/sites/restaurant-landing-page-1783a/versions/98b82783d993a343/files/b8f5beabdc32add0d4b0e0530154f9ad2ee6dd3bf019d0459e1d5c234db9f050 [none]
[debug] [2023-02-19T11:19:04.308Z] >>> [apiv2][body] POST https://upload-firebasehosting.googleapis.com/upload/sites/restaurant-landing-page-1783a/versions/98b82783d993a343/files/b8f5beabdc32add0d4b0e0530154f9ad2ee6dd3bf019d0459e1d5c234db9f050 [stream]
[debug] [2023-02-19T11:19:04.309Z] >>> [apiv2][query] POST https://upload-firebasehosting.googleapis.com/upload/sites/restaurant-landing-page-1783a/versions/98b82783d993a343/files/7d3966f3d1161acfafbc8aaed3500f187d364191a6d06a83675e966449a3f88c [none]
[debug] [2023-02-19T11:19:04.309Z] >>> [apiv2][body] POST https://upload-firebasehosting.googleapis.com/upload/sites/restaurant-landing-page-1783a/versions/98b82783d993a343/files/7d3966f3d1161acfafbc8aaed3500f187d364191a6d06a83675e966449a3f88c [stream]
[debug] [2023-02-19T11:19:04.310Z] >>> [apiv2][query] POST https://upload-firebasehosting.googleapis.com/upload/sites/restaurant-landing-page-1783a/versions/98b82783d993a343/files/424be353c39a13241ed1b7d42289708fe08846e6b5f45566754ba055e425db31 [none]
[debug] [2023-02-19T11:19:04.310Z] >>> [apiv2][body] POST https://upload-firebasehosting.googleapis.com/upload/sites/restaurant-landing-page-1783a/versions/98b82783d993a343/files/424be353c39a13241ed1b7d42289708fe08846e6b5f45566754ba055e425db31 [stream]
[debug] [2023-02-19T11:19:04.310Z] >>> [apiv2][query] POST https://upload-firebasehosting.googleapis.com/upload/sites/restaurant-landing-page-1783a/versions/98b82783d993a343/files/8d3b753699c8dc68133b10ebb4a867a1f36d8d3e4f28397d3bc9f2b60944dcfb [none]
[debug] [2023-02-19T11:19:04.310Z] >>> [apiv2][body] POST https://upload-firebasehosting.googleapis.com/upload/sites/restaurant-landing-page-1783a/versions/98b82783d993a343/files/8d3b753699c8dc68133b10ebb4a867a1f36d8d3e4f28397d3bc9f2b60944dcfb [stream]
[debug] [2023-02-19T11:19:04.311Z] >>> [apiv2][query] POST https://upload-firebasehosting.googleapis.com/upload/sites/restaurant-landing-page-1783a/versions/98b82783d993a343/files/9fa7e0332b61255a3bade2a00a2f024cb7b2798065b47328b93a8a1691cc6d58 [none]
[debug] [2023-02-19T11:19:04.311Z] >>> [apiv2][body] POST https://upload-firebasehosting.googleapis.com/upload/sites/restaurant-landing-page-1783a/versions/98b82783d993a343/files/9fa7e0332b61255a3bade2a00a2f024cb7b2798065b47328b93a8a1691cc6d58 [stream]
[debug] [2023-02-19T11:19:04.312Z] >>> [apiv2][query] POST https://upload-firebasehosting.googleapis.com/upload/sites/restaurant-landing-page-1783a/versions/98b82783d993a343/files/973d890bdf481d258db55c9c2a9a8b577cacc0929ddb9b0951cf89f83653bb2b [none]
[debug] [2023-02-19T11:19:04.312Z] >>> [apiv2][body] POST https://upload-firebasehosting.googleapis.com/upload/sites/restaurant-landing-page-1783a/versions/98b82783d993a343/files/973d890bdf481d258db55c9c2a9a8b577cacc0929ddb9b0951cf89f83653bb2b [stream]
[debug] [2023-02-19T11:19:04.312Z] >>> [apiv2][query] POST https://upload-firebasehosting.googleapis.com/upload/sites/restaurant-landing-page-1783a/versions/98b82783d993a343/files/755ad437aa067533d6eb419cbcec2e8208a604ed5d2905fe825cb390ffdca39b [none]
[debug] [2023-02-19T11:19:04.312Z] >>> [apiv2][body] POST https://upload-firebasehosting.googleapis.com/upload/sites/restaurant-landing-page-1783a/versions/98b82783d993a343/files/755ad437aa067533d6eb419cbcec2e8208a604ed5d2905fe825cb390ffdca39b [stream]
[debug] [2023-02-19T11:19:04.313Z] [hosting][populate queue][FINAL] {"max":1326,"min":1326,"avg":1326,"active":0,"complete":1,"success":1,"errored":0,"retried":0,"total":1,"elapsed":1335}
[debug] [2023-02-19T11:19:04.313Z] [hosting] uploads queued: 12
[debug] [2023-02-19T11:19:34.705Z] [uploadQueue] Retrying task 763145765fd1e25242e0a5ea96f33b8bd2191b33453f8290be3612fb47f770ec
[debug] [2023-02-19T11:19:34.705Z] >>> [apiv2][query] POST https://upload-firebasehosting.googleapis.com/upload/sites/restaurant-landing-page-1783a/versions/98b82783d993a343/files/763145765fd1e25242e0a5ea96f33b8bd2191b33453f8290be3612fb47f770ec [none]
[debug] [2023-02-19T11:19:34.705Z] >>> [apiv2][body] POST https://upload-firebasehosting.googleapis.com/upload/sites/restaurant-landing-page-1783a/versions/98b82783d993a343/files/763145765fd1e25242e0a5ea96f33b8bd2191b33453f8290be3612fb47f770ec [stream]
[debug] [2023-02-19T11:19:34.708Z] [uploadQueue] Retrying task 980e4236a378ffef8ff1091e45e54f56f2eda868858d06ca552f03c8fd423530
[debug] [2023-02-19T11:19:34.708Z] >>> [apiv2][query] POST https://upload-firebasehosting.googleapis.com/upload/sites/restaurant-landing-page-1783a/versions/98b82783d993a343/files/980e4236a378ffef8ff1091e45e54f56f2eda868858d06ca552f03c8fd423530 [none]
[debug] [2023-02-19T11:19:34.708Z] >>> [apiv2][body] POST https://upload-firebasehosting.googleapis.com/upload/sites/restaurant-landing-page-1783a/versions/98b82783d993a343/files/980e4236a378ffef8ff1091e45e54f56f2eda868858d06ca552f03c8fd423530 [stream]
[debug] [2023-02-19T11:19:34.709Z] [uploadQueue] Retrying task 8d3b753699c8dc68133b10ebb4a867a1f36d8d3e4f28397d3bc9f2b60944dcfb
[debug] [2023-02-19T11:19:34.709Z] >>> [apiv2][query] POST https://upload-firebasehosting.googleapis.com/upload/sites/restaurant-landing-page-1783a/versions/98b82783d993a343/files/8d3b753699c8dc68133b10ebb4a867a1f36d8d3e4f28397d3bc9f2b60944dcfb [none]
[debug] [2023-02-19T11:19:34.709Z] >>> [apiv2][body] POST https://upload-firebasehosting.googleapis.com/upload/sites/restaurant-landing-page-1783a/versions/98b82783d993a343/files/8d3b753699c8dc68133b10ebb4a867a1f36d8d3e4f28397d3bc9f2b60944dcfb [stream]
[debug] [2023-02-19T11:19:34.710Z] [uploadQueue] Retrying task 755ad437aa067533d6eb419cbcec2e8208a604ed5d2905fe825cb390ffdca39b
[debug] [2023-02-19T11:19:34.711Z] >>> [apiv2][query] POST https://upload-firebasehosting.googleapis.com/upload/sites/restaurant-landing-page-1783a/versions/98b82783d993a343/files/755ad437aa067533d6eb419cbcec2e8208a604ed5d2905fe825cb390ffdca39b [none]
[debug] [2023-02-19T11:19:34.711Z] >>> [apiv2][body] POST https://upload-firebasehosting.googleapis.com/upload/sites/restaurant-landing-page-1783a/versions/98b82783d993a343/files/755ad437aa067533d6eb419cbcec2e8208a604ed5d2905fe825cb390ffdca39b [stream]
